[0427/201243.726:ERROR:process_memory_win.cc(73)] ReadMemory at 0xdb0000 of 64 bytes failed: Only part of a ReadProcessMemory or WriteProcessMemory request was completed. (0x12B)
[0427/201244.887:WARNING:pe_image_reader.cc(340)] could not read dos header from C:\Program Files\Google\Chrome\Application\chrome.exe
[0427/201244.887:ERROR:process_memory_win.cc(73)] ReadMemory at 0x778e0000 of 64 bytes failed: Only part of a ReadProcessMemory or WriteProcessMemory request was completed. (0x12B)
[0427/201244.887:WARNING:pe_image_reader.cc(340)] could not read dos header from C:\WINDOWS\SYSTEM32\ntdll.dll
[0427/201244.887:ERROR:process_memory_win.cc(73)] ReadMemory at 0x77020000 of 64 bytes failed: Only part of a ReadProcessMemory or WriteProcessMemory request was completed. (0x12B)
[0427/201244.887:WARNING:pe_image_reader.cc(340)] could not read dos header from C:\WINDOWS\system32\KERNEL32.DLL
[0427/201244.887:ERROR:process_memory_win.cc(73)] ReadMemory at 0x75410000 of 64 bytes failed: Only part of a ReadProcessMemory or WriteProcessMemory request was completed. (0x12B)
[0427/201244.887:WARNING:pe_image_reader.cc(340)] could not read dos header from C:\WINDOWS\system32\KERNELBASE.dll
[0427/201244.887:ERROR:process_memory_win.cc(73)] ReadMemory at 0x5a2c0000 of 64 bytes failed: Only part of a ReadProcessMemory or WriteProcessMemory request was completed. (0x12B)
[0427/201244.887:WARNING:pe_image_reader.cc(340)] could not read dos header from C:\Program Files\Google\Chrome\Application\81.0.4044.122\chrome_elf.dll
[0427/201244.887:ERROR:process_memory_win.cc(73)] ReadMemory at 0x72a30000 of 64 bytes failed: Only part of a ReadProcessMemory or WriteProcessMemory request was completed. (0x12B)
[0427/201244.887:WARNING:pe_image_reader.cc(340)] could not read dos header from C:\WINDOWS\SYSTEM32\VERSION.dll
[0427/201244.887:ERROR:process_memory_win.cc(73)] ReadMemory at 0x756a0000 of 64 bytes failed: Only part of a ReadProcessMemory or WriteProcessMemory request was completed. (0x12B)
[0427/201244.887:WARNING:pe_image_reader.cc(340)] could not read dos header from C:\WINDOWS\system32\msvcrt.dll
[0427/201244.887:ERROR:process_memory_win.cc(73)] ReadMemory at 0x77130000 of 64 bytes failed: Only part of a ReadProcessMemory or WriteProcessMemory request was completed. (0x12B)
[0427/201244.887:WARNING:pe_image_reader.cc(340)] could not read dos header from C:\WINDOWS\system32\ADVAPI32.dll
[0427/201244.887:ERROR:process_memory_win.cc(73)] ReadMemory at 0x75650000 of 64 bytes failed: Only part of a ReadProcessMemory or WriteProcessMemory request was completed. (0x12B)
[0427/201244.887:WARNING:pe_image_reader.cc(340)] could not read dos header from C:\WINDOWS\SYSTEM32\sechost.dll
[0427/201244.887:ERROR:process_memory_win.cc(73)] ReadMemory at 0x771b0000 of 64 bytes failed: Only part of a ReadProcessMemory or WriteProcessMemory request was completed. (0x12B)
[0427/201244.887:WARNING:pe_image_reader.cc(340)] could not read dos header from C:\WINDOWS\system32\RPCRT4.dll
[0427/201244.887:ERROR:process_memory_win.cc(73)] ReadMemory at 0x752d0000 of 64 bytes failed: Only part of a ReadProcessMemory or WriteProcessMemory request was completed. (0x12B)
[0427/201244.887:WARNING:pe_image_reader.cc(340)] could not read dos header from C:\WINDOWS\system32\SspiCli.dll
[0427/201244.887:ERROR:process_memory_win.cc(73)] ReadMemory at 0x53960000 of 64 bytes failed: Only part of a ReadProcessMemory or WriteProcessMemory request was completed. (0x12B)
[0427/201244.887:WARNING:pe_image_reader.cc(340)] could not read dos header from C:\Program Files\Google\Chrome\Application\81.0.4044.122\chrome.dll
[0427/201244.887:ERROR:process_memory_win.cc(73)] ReadMemory at 0x754f0000 of 64 bytes failed: Only part of a ReadProcessMemory or WriteProcessMemory request was completed. (0x12B)
[0427/201244.887:WARNING:pe_image_reader.cc(340)] could not read dos header from C:\WINDOWS\system32\WS2_32.dll
[0427/201244.887:ERROR:process_memory_win.cc(73)] ReadMemory at 0x712c0000 of 64 bytes failed: Only part of a ReadProcessMemory or WriteProcessMemory request was completed. (0x12B)
[0427/201244.888:WARNING:pe_image_reader.cc(340)] could not read dos header from C:\WINDOWS\SYSTEM32\IPHLPAPI.DLL
[0427/201244.888:ERROR:process_memory_win.cc(73)] ReadMemory at 0x76f80000 of 64 bytes failed: Only part of a ReadProcessMemory or WriteProcessMemory request was completed. (0x12B)
[0427/201244.888:WARNING:pe_image_reader.cc(340)] could not read dos header from C:\WINDOWS\system32\OLEAUT32.dll
[0427/201244.888:ERROR:process_memory_win.cc(73)] ReadMemory at 0x63d60000 of 64 bytes failed: Only part of a ReadProcessMemory or WriteProcessMemory request was completed. (0x12B)
[0427/201244.888:WARNING:pe_image_reader.cc(340)] could not read dos header from C:\WINDOWS\SYSTEM32\WINMM.dll
[0427/201244.888:ERROR:process_memory_win.cc(73)] ReadMemory at 0x6fe30000 of 64 bytes failed: Only part of a ReadProcessMemory or WriteProcessMemory request was completed. (0x12B)
[0427/201244.888:WARNING:pe_image_reader.cc(340)] could not read dos header from C:\WINDOWS\SYSTEM32\Secur32.dll
[0427/201244.888:ERROR:process_memory_win.cc(73)] ReadMemory at 0x74890000 of 64 bytes failed: Only part of a ReadProcessMemory or WriteProcessMemory request was completed. (0x12B)
[0427/201244.888:WARNING:pe_image_reader.cc(340)] could not read dos header from C:\WINDOWS\SYSTEM32\USERENV.dll
[0427/201244.888:ERROR:process_memory_win.cc(73)] ReadMemory at 0x75300000 of 64 bytes failed: Only part of a ReadProcessMemory or WriteProcessMemory request was completed. (0x12B)
[0427/201244.888:WARNING:pe_image_reader.cc(340)] could not read dos header from C:\WINDOWS\system32\WINTRUST.dll
[0427/201244.888:ERROR:process_memory_win.cc(73)] ReadMemory at 0x70890000 of 64 bytes failed: Only part of a ReadProcessMemory or WriteProcessMemory request was completed. (0x12B)
[0427/201244.888:WARNING:pe_image_reader.cc(340)] could not read dos header from C:\WINDOWS\SYSTEM32\UIAutomationCore.DLL
[0427/201244.888:ERROR:process_memory_win.cc(73)] ReadMemory at 0x75140000 of 64 bytes failed: Only part of a ReadProcessMemory or WriteProcessMemory request was completed. (0x12B)
[0427/201244.888:WARNING:pe_image_reader.cc(340)] could not read dos header from C:\WINDOWS\system32\CRYPT32.dll
[0427/201244.888:ERROR:process_memory_win.cc(73)] ReadMemory at 0x73040000 of 64 bytes failed: Only part of a ReadProcessMemory or WriteProcessMemory request was completed. (0x12B)
[0427/201244.888:WARNING:pe_image_reader.cc(340)] could not read dos header from C:\WINDOWS\SYSTEM32\DWrite.dll
[0427/201244.888:ERROR:process_memory_win.cc(73)] ReadMemory at 0x65530000 of 64 bytes failed: Only part of a ReadProcessMemory or WriteProcessMemory request was completed. (0x12B)
[0427/201244.888:WARNING:pe_image_reader.cc(340)] could not read dos header from C:\WINDOWS\SYSTEM32\WINSPOOL.DRV
[0427/201244.888:ERROR:process_memory_win.cc(73)] ReadMemory at 0x67010000 of 64 bytes failed: Only part of a ReadProcessMemory or WriteProcessMemory request was completed. (0x12B)
[0427/201244.888:WARNING:pe_image_reader.cc(340)] could not read dos header from C:\WINDOWS\SYSTEM32\dbghelp.dll
[0427/201244.888:ERROR:process_memory_win.cc(73)] ReadMemory at 0x6efa0000 of 64 bytes failed: Only part of a ReadProcessMemory or WriteProcessMemory request was completed. (0x12B)
[0427/201244.888:WARNING:pe_image_reader.cc(340)] could not read dos header from C:\WINDOWS\SYSTEM32\WINHTTP.dll
[0427/201244.888:ERROR:process_memory_win.cc(73)] ReadMemory at 0x70ff0000 of 64 bytes failed: Only part of a ReadProcessMemory or WriteProcessMemory request was completed. (0x12B)
[0427/201244.888:WARNING:pe_image_reader.cc(340)] could not read dos header from C:\WINDOWS\SYSTEM32\dhcpcsvc.DLL
[0427/201244.888:ERROR:process_memory_win.cc(73)] ReadMemory at 0x75770000 of 64 bytes failed: Only part of a ReadProcessMemory or WriteProcessMemory request was completed. (0x12B)
[0427/201244.888:WARNING:pe_image_reader.cc(340)] could not read dos header from C:\WINDOWS\system32\NSI.dll
[0427/201244.888:ERROR:process_memory_win.cc(73)] ReadMemory at 0x712b0000 of 64 bytes failed: Only part of a ReadProcessMemory or WriteProcessMemory request was completed. (0x12B)
[0427/201244.888:WARNING:pe_image_reader.cc(340)] could not read dos header from C:\WINDOWS\SYSTEM32\WINNSI.DLL
[0427/201244.888:ERROR:process_memory_win.cc(73)] ReadMemory at 0x76e00000 of 64 bytes failed: Only part of a ReadProcessMemory or WriteProcessMemory request was completed. (0x12B)
[0427/201244.888:WARNING:pe_image_reader.cc(340)] could not read dos header from C:\WINDOWS\system32\combase.dll
[0427/201244.888:ERROR:process_memory_win.cc(73)] ReadMemory at 0x63d30000 of 64 bytes failed: Only part of a ReadProcessMemory or WriteProcessMemory request was completed. (0x12B)
[0427/201244.888:WARNING:pe_image_reader.cc(340)] could not read dos header from C:\WINDOWS\SYSTEM32\WINMMBASE.dll
[0427/201244.888:ERROR:process_memory_win.cc(73)] ReadMemory at 0x76ca0000 of 64 bytes failed: Only part of a ReadProcessMemory or WriteProcessMemory request was completed. (0x12B)
[0427/201244.888:WARNING:pe_image_reader.cc(340)] could not read dos header from C:\WINDOWS\system32\USER32.dll
[0427/201244.888:ERROR:process_memory_win.cc(73)] ReadMemory at 0x750c0000 of 64 bytes failed: Only part of a ReadProcessMemory or WriteProcessMemory request was completed. (0x12B)
[0427/201244.888:WARNING:pe_image_reader.cc(340)] could not read dos header from C:\WINDOWS\SYSTEM32\profapi.dll
[0427/201244.888:ERROR:process_memory_win.cc(73)] ReadMemory at 0x75130000 of 64 bytes failed: Only part of a ReadProcessMemory or WriteProcessMemory request was completed. (0x12B)
[0427/201244.888:WARNING:pe_image_reader.cc(340)] could not read dos header from C:\WINDOWS\system32\MSASN1.dll
[0427/201244.888:ERROR:process_memory_win.cc(73)] ReadMemory at 0x753d0000 of 64 bytes failed: Only part of a ReadProcessMemory or WriteProcessMemory request was completed. (0x12B)
[0427/201244.888:WARNING:pe_image_reader.cc(340)] could not read dos header from C:\WINDOWS\SYSTEM32\cfgmgr32.dll
[0427/201244.888:ERROR:process_memory_win.cc(73)] ReadMemory at 0x74270000 of 64 bytes failed: Only part of a ReadProcessMemory or WriteProcessMemory request was completed. (0x12B)
[0427/201244.888:WARNING:pe_image_reader.cc(340)] could not read dos header from C:\WINDOWS\SYSTEM32\DEVOBJ.dll
[0427/201244.888:ERROR:process_memory_win.cc(73)] ReadMemory at 0x77730000 of 64 bytes failed: Only part of a ReadProcessMemory or WriteProcessMemory request was completed. (0x12B)
[0427/201244.888:WARNING:pe_image_reader.cc(340)] could not read dos header from C:\WINDOWS\system32\GDI32.dll
[0427/201244.888:ERROR:process_memory_win.cc(73)] ReadMemory at 0x75780000 of 64 bytes failed: Only part of a ReadProcessMemory or WriteProcessMemory request was completed. (0x12B)
[0427/201244.888:WARNING:pe_image_reader.cc(340)] could not read dos header from C:\WINDOWS\system32\IMM32.DLL
[0427/201244.888:ERROR:process_memory_win.cc(73)] ReadMemory at 0x76b00000 of 64 bytes failed: Only part of a ReadProcessMemory or WriteProcessMemory request was completed. (0x12B)
[0427/201244.888:WARNING:pe_image_reader.cc(340)] could not read dos header from C:\WINDOWS\system32\MSCTF.dll
[0427/201244.888:ERROR:process_memory_win.cc(73)] ReadMemory at 0x75020000 of 64 bytes failed: Only part of a ReadProcessMemory or WriteProcessMemory request was completed. (0x12B)
[0427/201244.888:WARNING:pe_image_reader.cc(340)] could not read dos header from C:\WINDOWS\SYSTEM32\CRYPTBASE.DLL
[0427/201244.888:ERROR:process_memory_win.cc(73)] ReadMemory at 0x74fc0000 of 64 bytes failed: Only part of a ReadProcessMemory or WriteProcessMemory request was completed. (0x12B)
[0427/201244.888:WARNING:pe_image_reader.cc(340)] could not read dos header from C:\WINDOWS\SYSTEM32\bcryptPrimitives.dll
[0427/201245.288:ERROR:process_memory_win.cc(73)] ReadMemory at 0xbe3000 of 53248 bytes failed: Only part of a ReadProcessMemory or WriteProcessMemory request was completed. (0x12B)
[0427/201245.325:ERROR:process_memory_win.cc(73)] ReadMemory at 0x4d7e000 of 8192 bytes failed: Only part of a ReadProcessMemory or WriteProcessMemory request was completed. (0x12B)
[0427/201245.325:ERROR:process_memory_win.cc(73)] ReadMemory at 0x4f7d000 of 12288 bytes failed: Only part of a ReadProcessMemory or WriteProcessMemory request was completed. (0x12B)
[0427/201245.325:ERROR:process_memory_win.cc(73)] ReadMemory at 0x507d000 of 12288 bytes failed: Only part of a ReadProcessMemory or WriteProcessMemory request was completed. (0x12B)
[0427/201245.325:ERROR:process_memory_win.cc(73)] ReadMemory at 0x51ff000 of 4096 bytes failed: Only part of a ReadProcessMemory or WriteProcessMemory request was completed. (0x12B)
[0427/201245.325:ERROR:process_memory_win.cc(73)] ReadMemory at 0x52fd000 of 12288 bytes failed: Only part of a ReadProcessMemory or WriteProcessMemory request was completed. (0x12B)
[0427/201245.325:ERROR:process_memory_win.cc(73)] ReadMemory at 0x25cfd000 of 12288 bytes failed: Only part of a ReadProcessMemory or WriteProcessMemory request was completed. (0x12B)
[0427/201245.325:ERROR:process_memory_win.cc(73)] ReadMemory at 0x260fd000 of 12288 bytes failed: Only part of a ReadProcessMemory or WriteProcessMemory request was completed. (0x12B)
[0427/201245.325:ERROR:process_memory_win.cc(73)] ReadMemory at 0x261fb000 of 20480 bytes failed: Only part of a ReadProcessMemory or WriteProcessMemory request was completed. (0x12B)
[0427/201245.325:ERROR:process_memory_win.cc(73)] ReadMemory at 0x262fb000 of 20480 bytes failed: Only part of a ReadProcessMemory or WriteProcessMemory request was completed. (0x12B)
[0427/201245.325:ERROR:process_memory_win.cc(73)] ReadMemory at 0x265fc000 of 16384 bytes failed: Only part of a ReadProcessMemory or WriteProcessMemory request was completed. (0x12B)
[0427/201245.325:ERROR:process_memory_win.cc(73)] ReadMemory at 0x2703b000 of 20480 bytes failed: Only part of a ReadProcessMemory or WriteProcessMemory request was completed. (0x12B)
[0427/201245.325:ERROR:process_memory_win.cc(73)] ReadMemory at 0x2737d000 of 12288 bytes failed: Only part of a ReadProcessMemory or WriteProcessMemory request was completed. (0x12B)
[0427/201245.325:ERROR:process_memory_win.cc(73)] ReadMemory at 0x2957a000 of 24576 bytes failed: Only part of a ReadProcessMemory or WriteProcessMemory request was completed. (0x12B)
[0427/201245.325:ERROR:process_memory_win.cc(73)] ReadMemory at 0x2a4ce000 of 8192 bytes failed: Only part of a ReadProcessMemory or WriteProcessMemory request was completed. (0x12B)
[0427/201245.325:ERROR:process_memory_win.cc(73)] ReadMemory at 0x30cfb000 of 20480 bytes failed: Only part of a ReadProcessMemory or WriteProcessMemory request was completed. (0x12B)
[0427/201245.325:ERROR:process_memory_win.cc(73)] ReadMemory at 0x31adb000 of 20480 bytes failed: Only part of a ReadProcessMemory or WriteProcessMemory request was completed. (0x12B)
[0427/201245.325:ERROR:process_memory_win.cc(73)] ReadMemory at 0x32f0b000 of 20480 bytes failed: Only part of a ReadProcessMemory or WriteProcessMemory request was completed. (0x12B)
[0427/201245.325:ERROR:process_memory_win.cc(73)] ReadMemory at 0x318bd000 of 12288 bytes failed: Only part of a ReadProcessMemory or WriteProcessMemory request was completed. (0x12B)
[0427/201245.326:ERROR:process_memory_win.cc(73)] ReadMemory at 0x4e7d000 of 12288 bytes failed: Only part of a ReadProcessMemory or WriteProcessMemory request was completed. (0x12B)
[0427/201245.326:ERROR:process_memory_win.cc(73)] ReadMemory at 0xbd3f000 of 4096 bytes failed: Only part of a ReadProcessMemory or WriteProcessMemory request was completed. (0x12B)
[0427/201245.326:ERROR:process_memory_win.cc(73)] ReadMemory at 0x30904a0 of 134 bytes failed: Only part of a ReadProcessMemory or WriteProcessMemory request was completed. (0x12B)
[0427/201245.326:ERROR:process_memory_win.cc(73)] ReadMemory at 0x3090560 of 60 bytes failed: Only part of a ReadProcessMemory or WriteProcessMemory request was completed. (0x12B)
[0427/201245.326:ERROR:process_memory_win.cc(73)] ReadMemory at 0x30905c8 of 5330 bytes failed: Only part of a ReadProcessMemory or WriteProcessMemory request was completed. (0x12B)
[0427/201245.326:ERROR:process_memory_win.cc(73)] ReadMemory at 0x3091aa8 of 660 bytes failed: Only part of a ReadProcessMemory or WriteProcessMemory request was completed. (0x12B)
[0427/201245.326:ERROR:process_memory_win.cc(73)] ReadMemory at 0x3091f50 of 106 bytes failed: Only part of a ReadProcessMemory or WriteProcessMemory request was completed. (0x12B)
[0427/201245.326:ERROR:process_memory_win.cc(73)] ReadMemory at 0x3091fbc of 746 bytes failed: Only part of a ReadProcessMemory or WriteProcessMemory request was completed. (0x12B)
[0427/201245.326:ERROR:process_memory_win.cc(73)] ReadMemory at 0x30922a8 of 106 bytes failed: Only part of a ReadProcessMemory or WriteProcessMemory request was completed. (0x12B)
[0427/201245.326:ERROR:process_memory_win.cc(73)] ReadMemory at 0x3092314 of 96 bytes failed: Only part of a ReadProcessMemory or WriteProcessMemory request was completed. (0x12B)
[0427/201245.326:ERROR:process_memory_win.cc(73)] ReadMemory at 0x3092380 of 58 bytes failed: Only part of a ReadProcessMemory or WriteProcessMemory request was completed. (0x12B)
[0427/201245.326:ERROR:process_memory_win.cc(73)] ReadMemory at 0x3092470 of 72 bytes failed: Only part of a ReadProcessMemory or WriteProcessMemory request was completed. (0x12B)
[0427/201245.326:ERROR:process_memory_win.cc(73)] ReadMemory at 0x3092550 of 72 bytes failed: Only part of a ReadProcessMemory or WriteProcessMemory request was completed. (0x12B)
[0427/201245.326:ERROR:process_memory_win.cc(73)] ReadMemory at 0x3092680 of 114 bytes failed: Only part of a ReadProcessMemory or WriteProcessMemory request was completed. (0x12B)
[0427/201245.326:ERROR:process_memory_win.cc(73)] ReadMemory at 0x3092920 of 64 bytes failed: Only part of a ReadProcessMemory or WriteProcessMemory request was completed. (0x12B)
[0427/201245.326:ERROR:process_memory_win.cc(73)] ReadMemory at 0x3092970 of 72 bytes failed: Only part of a ReadProcessMemory or WriteProcessMemory request was completed. (0x12B)
[0427/201245.326:ERROR:process_memory_win.cc(73)] ReadMemory at 0x3092a78 of 142 bytes failed: Only part of a ReadProcessMemory or WriteProcessMemory request was completed. (0x12B)
[0427/201245.326:ERROR:process_memory_win.cc(73)] ReadMemory at 0x3092b58 of 68 bytes failed: Only part of a ReadProcessMemory or WriteProcessMemory request was completed. (0x12B)
[0427/201245.326:ERROR:process_memory_win.cc(73)] ReadMemory at 0x3092ba8 of 72 bytes failed: Only part of a ReadProcessMemory or WriteProcessMemory request was completed. (0x12B)
[0427/201245.326:ERROR:process_memory_win.cc(73)] ReadMemory at 0x30933f8 of 72 bytes failed: Only part of a ReadProcessMemory or WriteProcessMemory request was completed. (0x12B)
[0427/201245.326:ERROR:process_memory_win.cc(73)] ReadMemory at 0x3093568 of 62 bytes failed: Only part of a ReadProcessMemory or WriteProcessMemory request was completed. (0x12B)
[0427/201245.326:ERROR:process_memory_win.cc(73)] ReadMemory at 0x30935b0 of 72 bytes failed: Only part of a ReadProcessMemory or WriteProcessMemory request was completed. (0x12B)
[0427/201245.326:ERROR:process_memory_win.cc(73)] ReadMemory at 0x3093a28 of 60 bytes failed: Only part of a ReadProcessMemory or WriteProcessMemory request was completed. (0x12B)
[0427/201245.326:ERROR:process_memory_win.cc(73)] ReadMemory at 0x30944f0 of 72 bytes failed: Only part of a ReadProcessMemory or WriteProcessMemory request was completed. (0x12B)
[0427/201245.326:ERROR:process_memory_win.cc(73)] ReadMemory at 0x3095808 of 66 bytes failed: Only part of a ReadProcessMemory or WriteProcessMemory request was completed. (0x12B)
[0427/201245.326:ERROR:process_memory_win.cc(73)] ReadMemory at 0x30958e8 of 72 bytes failed: Only part of a ReadProcessMemory or WriteProcessMemory request was completed. (0x12B)
[0427/201245.326:ERROR:process_memory_win.cc(73)] ReadMemory at 0x3095990 of 72 bytes failed: Only part of a ReadProcessMemory or WriteProcessMemory request was completed. (0x12B)
[0427/201245.326:ERROR:process_memory_win.cc(73)] ReadMemory at 0x3095a38 of 58 bytes failed: Only part of a ReadProcessMemory or WriteProcessMemory request was completed. (0x12B)
[0427/201245.327:ERROR:process_memory_win.cc(73)] ReadMemory at 0x3095b50 of 72 bytes failed: Only part of a ReadProcessMemory or WriteProcessMemory request was completed. (0x12B)
[0427/201245.327:ERROR:process_memory_win.cc(73)] ReadMemory at 0x3095bf8 of 60 bytes failed: Only part of a ReadProcessMemory or WriteProcessMemory request was completed. (0x12B)
[0427/201245.327:ERROR:process_memory_win.cc(73)] ReadMemory at 0x3095cb0 of 62 bytes failed: Only part of a ReadProcessMemory or WriteProcessMemory request was completed. (0x12B)
[0427/201245.327:ERROR:process_memory_win.cc(73)] ReadMemory at 0x3095d10 of 72 bytes failed: Only part of a ReadProcessMemory or WriteProcessMemory request was completed. (0x12B)
[0427/201245.327:ERROR:process_memory_win.cc(73)] ReadMemory at 0x3095db8 of 62 bytes failed: Only part of a ReadProcessMemory or WriteProcessMemory request was completed. (0x12B)
[0427/201245.327:ERROR:process_memory_win.cc(73)] ReadMemory at 0x3095e00 of 72 bytes failed: Only part of a ReadProcessMemory or WriteProcessMemory request was completed. (0x12B)
[0427/201245.327:ERROR:process_memory_win.cc(73)] ReadMemory at 0x3098de0 of 72 bytes failed: Only part of a ReadProcessMemory or WriteProcessMemory request was completed. (0x12B)
[0427/201245.327:ERROR:process_memory_win.cc(73)] ReadMemory at 0x3099690 of 64 bytes failed: Only part of a ReadProcessMemory or WriteProcessMemory request was completed. (0x12B)
[0427/201245.327:ERROR:process_memory_win.cc(73)] ReadMemory at 0x3099cf0 of 64 bytes failed: Only part of a ReadProcessMemory or WriteProcessMemory request was completed. (0x12B)
[0427/201245.327:ERROR:process_memory_win.cc(73)] ReadMemory at 0x309b7b0 of 72 bytes failed: Only part of a ReadProcessMemory or WriteProcessMemory request was completed. (0x12B)
[0427/201245.327:ERROR:process_memory_win.cc(73)] ReadMemory at 0x309b858 of 64 bytes failed: Only part of a ReadProcessMemory or WriteProcessMemory request was completed. (0x12B)
[0427/201245.327:ERROR:process_memory_win.cc(73)] ReadMemory at 0x309b8a8 of 72 bytes failed: Only part of a ReadProcessMemory or WriteProcessMemory request was completed. (0x12B)
[0427/201245.327:ERROR:process_memory_win.cc(73)] ReadMemory at 0x309b950 of 72 bytes failed: Only part of a ReadProcessMemory or WriteProcessMemory request was completed. (0x12B)
[0427/201245.327:ERROR:process_memory_win.cc(73)] ReadMemory at 0x309b9f8 of 64 bytes failed: Only part of a ReadProcessMemory or WriteProcessMemory request was completed. (0x12B)
[0427/201245.327:ERROR:process_memory_win.cc(73)] ReadMemory at 0x309ba48 of 62 bytes failed: Only part of a ReadProcessMemory or WriteProcessMemory request was completed. (0x12B)
[0427/201245.327:ERROR:process_memory_win.cc(73)] ReadMemory at 0x309ba90 of 62 bytes failed: Only part of a ReadProcessMemory or WriteProcessMemory request was completed. (0x12B)
[0427/201245.327:ERROR:process_memory_win.cc(73)] ReadMemory at 0x309bad8 of 72 bytes failed: Only part of a ReadProcessMemory or WriteProcessMemory request was completed. (0x12B)
[0427/201245.327:ERROR:process_memory_win.cc(73)] ReadMemory at 0x309bb80 of 62 bytes failed: Only part of a ReadProcessMemory or WriteProcessMemory request was completed. (0x12B)
[0427/201245.327:ERROR:process_memory_win.cc(73)] ReadMemory at 0x309bbc8 of 80 bytes failed: Only part of a ReadProcessMemory or WriteProcessMemory request was completed. (0x12B)
[0427/201245.327:ERROR:process_memory_win.cc(73)] ReadMemory at 0x309bc28 of 62 bytes failed: Only part of a ReadProcessMemory or WriteProcessMemory request was completed. (0x12B)
[0427/201245.327:ERROR:process_memory_win.cc(73)] ReadMemory at 0x309bc70 of 62 bytes failed: Only part of a ReadProcessMemory or WriteProcessMemory request was completed. (0x12B)
[0427/201245.327:ERROR:process_memory_win.cc(73)] ReadMemory at 0x309bcb8 of 60 bytes failed: Only part of a ReadProcessMemory or WriteProcessMemory request was completed. (0x12B)
[0427/201245.327:ERROR:process_memory_win.cc(73)] ReadMemory at 0x309bd98 of 64 bytes failed: Only part of a ReadProcessMemory or WriteProcessMemory request was completed. (0x12B)
[0427/201245.327:ERROR:process_memory_win.cc(73)] ReadMemory at 0x309c570 of 72 bytes failed: Only part of a ReadProcessMemory or WriteProcessMemory request was completed. (0x12B)
[0427/201245.327:ERROR:process_memory_win.cc(73)] ReadMemory at 0x309c618 of 72 bytes failed: Only part of a ReadProcessMemory or WriteProcessMemory request was completed. (0x12B)
[0427/201245.327:ERROR:process_memory_win.cc(73)] ReadMemory at 0x309c6c0 of 72 bytes failed: Only part of a ReadProcessMemory or WriteProcessMemory request was completed. (0x12B)
[0427/201245.327:ERROR:process_memory_win.cc(73)] ReadMemory at 0x309c768 of 72 bytes failed: Only part of a ReadProcessMemory or WriteProcessMemory request was completed. (0x12B)
[0427/201245.327:ERROR:process_memory_win.cc(73)] ReadMemory at 0x309c810 of 72 bytes failed: Only part of a ReadProcessMemory or WriteProcessMemory request was completed. (0x12B)
[0427/201245.327:ERROR:process_memory_win.cc(73)] ReadMemory at 0x309c8b8 of 72 bytes failed: Only part of a ReadProcessMemory or WriteProcessMemory request was completed. (0x12B)
[0427/201245.327:ERROR:process_memory_win.cc(73)] ReadMemory at 0x309c960 of 72 bytes failed: Only part of a ReadProcessMemory or WriteProcessMemory request was completed. (0x12B)
[0427/201245.328:ERROR:process_memory_win.cc(73)] ReadMemory at 0x309ca08 of 72 bytes failed: Only part of a ReadProcessMemory or WriteProcessMemory request was completed. (0x12B)
[0427/201245.328:ERROR:process_memory_win.cc(73)] ReadMemory at 0x309cab0 of 72 bytes failed: Only part of a ReadProcessMemory or WriteProcessMemory request was completed. (0x12B)
[0427/201245.328:ERROR:process_memory_win.cc(73)] ReadMemory at 0x309cb58 of 72 bytes failed: Only part of a ReadProcessMemory or WriteProcessMemory request was completed. (0x12B)
[0427/201245.328:ERROR:process_memory_win.cc(73)] ReadMemory at 0x309cc00 of 72 bytes failed: Only part of a ReadProcessMemory or WriteProcessMemory request was completed. (0x12B)
[0427/201245.328:ERROR:process_memory_win.cc(73)] ReadMemory at 0x309cca8 of 72 bytes failed: Only part of a ReadProcessMemory or WriteProcessMemory request was completed. (0x12B)
[0427/201245.328:ERROR:process_memory_win.cc(73)] ReadMemory at 0x309cd50 of 72 bytes failed: Only part of a ReadProcessMemory or WriteProcessMemory request was completed. (0x12B)
[0427/201245.328:ERROR:process_memory_win.cc(73)] ReadMemory at 0x309cdf8 of 72 bytes failed: Only part of a ReadProcessMemory or WriteProcessMemory request was completed. (0x12B)
[0427/201245.328:ERROR:process_memory_win.cc(73)] ReadMemory at 0x309cea0 of 72 bytes failed: Only part of a ReadProcessMemory or WriteProcessMemory request was completed. (0x12B)
[0427/201245.328:ERROR:process_memory_win.cc(73)] ReadMemory at 0x309cf48 of 72 bytes failed: Only part of a ReadProcessMemory or WriteProcessMemory request was completed. (0x12B)
[0427/201245.328:ERROR:process_memory_win.cc(73)] ReadMemory at 0x309cff0 of 72 bytes failed: Only part of a ReadProcessMemory or WriteProcessMemory request was completed. (0x12B)
[0427/201245.328:ERROR:process_memory_win.cc(73)] ReadMemory at 0x309d098 of 72 bytes failed: Only part of a ReadProcessMemory or WriteProcessMemory request was completed. (0x12B)
[0427/201245.328:ERROR:process_memory_win.cc(73)] ReadMemory at 0x309d140 of 72 bytes failed: Only part of a ReadProcessMemory or WriteProcessMemory request was completed. (0x12B)
[0427/201245.328:ERROR:process_memory_win.cc(73)] ReadMemory at 0x309d1e8 of 72 bytes failed: Only part of a ReadProcessMemory or WriteProcessMemory request was completed. (0x12B)
[0427/201245.328:ERROR:process_memory_win.cc(73)] ReadMemory at 0x309d290 of 72 bytes failed: Only part of a ReadProcessMemory or WriteProcessMemory request was completed. (0x12B)
[0427/201245.328:ERROR:process_memory_win.cc(73)] ReadMemory at 0x309d338 of 72 bytes failed: Only part of a ReadProcessMemory or WriteProcessMemory request was completed. (0x12B)
[0427/201245.328:ERROR:process_memory_win.cc(73)] ReadMemory at 0x309d3e0 of 72 bytes failed: Only part of a ReadProcessMemory or WriteProcessMemory request was completed. (0x12B)
[0427/201245.328:ERROR:process_memory_win.cc(73)] ReadMemory at 0x309dd58 of 64 bytes failed: Only part of a ReadProcessMemory or WriteProcessMemory request was completed. (0x12B)
[0427/201245.328:ERROR:process_memory_win.cc(73)] ReadMemory at 0x309dda8 of 54 bytes failed: Only part of a ReadProcessMemory or WriteProcessMemory request was completed. (0x12B)
[0427/201245.328:ERROR:process_memory_win.cc(73)] ReadMemory at 0x309ded0 of 60 bytes failed: Only part of a ReadProcessMemory or WriteProcessMemory request was completed. (0x12B)
[0427/201245.328:ERROR:process_memory_win.cc(73)] ReadMemory at 0x309df88 of 58 bytes failed: Only part of a ReadProcessMemory or WriteProcessMemory request was completed. (0x12B)
[0427/201245.328:ERROR:process_memory_win.cc(73)] ReadMemory at 0x309e1c8 of 60 bytes failed: Only part of a ReadProcessMemory or WriteProcessMemory request was completed. (0x12B)
[0427/201245.328:ERROR:process_memory_win.cc(73)] ReadMemory at 0x309e258 of 58 bytes failed: Only part of a ReadProcessMemory or WriteProcessMemory request was completed. (0x12B)
[0427/201245.328:ERROR:process_memory_win.cc(73)] ReadMemory at 0x309e330 of 60 bytes failed: Only part of a ReadProcessMemory or WriteProcessMemory request was completed. (0x12B)
[0427/201245.328:ERROR:process_memory_win.cc(73)] ReadMemory at 0x309e378 of 58 bytes failed: Only part of a ReadProcessMemory or WriteProcessMemory request was completed. (0x12B)
[0427/201245.328:ERROR:process_memory_win.cc(73)] ReadMemory at 0x309e450 of 60 bytes failed: Only part of a ReadProcessMemory or WriteProcessMemory request was completed. (0x12B)
[0427/201245.328:ERROR:process_memory_win.cc(73)] ReadMemory at 0x309e600 of 62 bytes failed: Only part of a ReadProcessMemory or WriteProcessMemory request was completed. (0x12B)
[0427/201245.328:ERROR:process_memory_win.cc(73)] ReadMemory at 0x309e690 of 62 bytes failed: Only part of a ReadProcessMemory or WriteProcessMemory request was completed. (0x12B)
[0427/201245.328:ERROR:process_memory_win.cc(73)] ReadMemory at 0x309ec40 of 66 bytes failed: Only part of a ReadProcessMemory or WriteProcessMemory request was completed. (0x12B)
[0427/201245.328:ERROR:process_memory_win.cc(73)] ReadMemory at 0x309ee30 of 80 bytes failed: Only part of a ReadProcessMemory or WriteProcessMemory request was completed. (0x12B)
[0427/201245.328:ERROR:process_memory_win.cc(73)] ReadMemory at 0x309f158 of 64 bytes failed: Only part of a ReadProcessMemory or WriteProcessMemory request was completed. (0x12B)
[0427/201245.328:ERROR:process_memory_win.cc(73)] ReadMemory at 0x30a2950 of 512 bytes failed: Only part of a ReadProcessMemory or WriteProcessMemory request was completed. (0x12B)
[0427/201245.329:ERROR:process_memory_win.cc(73)] ReadMemory at 0x30a2de0 of 512 bytes failed: Only part of a ReadProcessMemory or WriteProcessMemory request was completed. (0x12B)
[0427/201245.329:ERROR:process_memory_win.cc(73)] ReadMemory at 0x351ff80 of 512 bytes failed: Only part of a ReadProcessMemory or WriteProcessMemory request was completed. (0x12B)
[0427/201245.329:ERROR:process_memory_win.cc(73)] ReadMemory at 0x360d7c8 of 528 bytes failed: Only part of a ReadProcessMemory or WriteProcessMemory request was completed. (0x12B)
[0427/201245.329:ERROR:process_memory_win.cc(73)] ReadMemory at 0x362d658 of 612 bytes failed: Only part of a ReadProcessMemory or WriteProcessMemory request was completed. (0x12B)
[0427/201245.329:ERROR:process_memory_win.cc(73)] ReadMemory at 0x3723e81 of 512 bytes failed: Only part of a ReadProcessMemory or WriteProcessMemory request was completed. (0x12B)
[0427/201245.329:ERROR:process_memory_win.cc(73)] ReadMemory at 0x210411cd of 512 bytes failed: Only part of a ReadProcessMemory or WriteProcessMemory request was completed. (0x12B)
[0427/201245.329:ERROR:process_memory_win.cc(73)] ReadMemory at 0x298a2ce1 of 512 bytes failed: Only part of a ReadProcessMemory or WriteProcessMemory request was completed. (0x12B)
[0427/201245.329:ERROR:process_memory_win.cc(73)] ReadMemory at 0x2ae4f4c0 of 512 bytes failed: Only part of a ReadProcessMemory or WriteProcessMemory request was completed. (0x12B)
[0427/201245.329:ERROR:process_memory_win.cc(73)] ReadMemory at 0x2af97260 of 512 bytes failed: Only part of a ReadProcessMemory or WriteProcessMemory request was completed. (0x12B)
[0427/201245.329:ERROR:process_memory_win.cc(73)] ReadMemory at 0x3c311128 of 512 bytes failed: Only part of a ReadProcessMemory or WriteProcessMemory request was completed. (0x12B)
[0427/201245.329:ERROR:process_memory_win.cc(73)] ReadMemory at 0x3cc07b74 of 512 bytes failed: Only part of a ReadProcessMemory or WriteProcessMemory request was completed. (0x12B)
[0427/201245.329:ERROR:process_memory_win.cc(73)] ReadMemory at 0x58ef8b42 of 512 bytes failed: Only part of a ReadProcessMemory or WriteProcessMemory request was completed. (0x12B)
[0427/201245.329:ERROR:process_memory_win.cc(73)] ReadMemory at 0x59257f80 of 512 bytes failed: Only part of a ReadProcessMemory or WriteProcessMemory request was completed. (0x12B)
[0427/201245.329:ERROR:process_memory_win.cc(73)] ReadMemory at 0x5a2e2ca8 of 512 bytes failed: Only part of a ReadProcessMemory or WriteProcessMemory request was completed. (0x12B)
[0427/201245.329:ERROR:process_memory_win.cc(73)] ReadMemory at 0x5a2e335c of 512 bytes failed: Only part of a ReadProcessMemory or WriteProcessMemory request was completed. (0x12B)
[0427/201245.329:ERROR:process_memory_win.cc(73)] ReadMemory at 0x778e3f3c of 18 bytes failed: Only part of a ReadProcessMemory or WriteProcessMemory request was completed. (0x12B)
[0427/201245.329:ERROR:process_memory_win.cc(73)] ReadMemory at 0x7794c9f0 of 512 bytes failed: Only part of a ReadProcessMemory or WriteProcessMemory request was completed. (0x12B)
[0427/201245.329:ERROR:process_memory_win.cc(73)] ReadMemory at 0x779db3d8 of 24 bytes failed: Only part of a ReadProcessMemory or WriteProcessMemory request was completed. (0x12B)
[0427/201245.329:ERROR:process_memory_win.cc(73)] ReadMemory at 0x779db5b0 of 32 bytes failed: Only part of a ReadProcessMemory or WriteProcessMemory request was completed. (0x12B)
[0427/201245.329:ERROR:process_memory_win.cc(73)] ReadMemory at 0x779dd480 of 36 bytes failed: Only part of a ReadProcessMemory or WriteProcessMemory request was completed. (0x12B)
[0427/201245.329:ERROR:process_memory_win.cc(73)] ReadMemory at 0x7f006000 of 3992 bytes failed: Only part of a ReadProcessMemory or WriteProcessMemory request was completed. (0x12B)
[0427/201245.329:ERROR:process_memory_win.cc(73)] ReadMemory at 0x7f008000 of 3992 bytes failed: Only part of a ReadProcessMemory or WriteProcessMemory request was completed. (0x12B)
[0427/201245.329:ERROR:process_memory_win.cc(73)] ReadMemory at 0x7f009000 of 3992 bytes failed: Only part of a ReadProcessMemory or WriteProcessMemory request was completed. (0x12B)
[0427/201245.329:ERROR:process_memory_win.cc(73)] ReadMemory at 0x7f00a000 of 3992 bytes failed: Only part of a ReadProcessMemory or WriteProcessMemory request was completed. (0x12B)
[0427/201245.329:ERROR:process_memory_win.cc(73)] ReadMemory at 0x7f00b000 of 3992 bytes failed: Only part of a ReadProcessMemory or WriteProcessMemory request was completed. (0x12B)
[0427/201245.329:ERROR:process_memory_win.cc(73)] ReadMemory at 0x7f00c000 of 3992 bytes failed: Only part of a ReadProcessMemory or WriteProcessMemory request was completed. (0x12B)
[0427/201245.329:ERROR:process_memory_win.cc(73)] ReadMemory at 0x7f00d000 of 3992 bytes failed: Only part of a ReadProcessMemory or WriteProcessMemory request was completed. (0x12B)
[0427/201245.329:ERROR:process_memory_win.cc(73)] ReadMemory at 0x7f00e000 of 3992 bytes failed: Only part of a ReadProcessMemory or WriteProcessMemory request was completed. (0x12B)
[0427/201245.329:ERROR:process_memory_win.cc(73)] ReadMemory at 0x7f00f000 of 3992 bytes failed: Only part of a ReadProcessMemory or WriteProcessMemory request was completed. (0x12B)
[0427/201245.330:ERROR:process_memory_win.cc(73)] ReadMemory at 0x7f133000 of 3992 bytes failed: Only part of a ReadProcessMemory or WriteProcessMemory request was completed. (0x12B)
[0427/201245.330:ERROR:process_memory_win.cc(73)] ReadMemory at 0x7f134000 of 3992 bytes failed: Only part of a ReadProcessMemory or WriteProcessMemory request was completed. (0x12B)
[0427/201245.366:ERROR:process_memory_win.cc(73)] ReadMemory at 0x7f135000 of 3992 bytes failed: Only part of a ReadProcessMemory or WriteProcessMemory request was completed. (0x12B)
[0427/201245.366:ERROR:process_memory_win.cc(73)] ReadMemory at 0x7f136000 of 3992 bytes failed: Only part of a ReadProcessMemory or WriteProcessMemory request was completed. (0x12B)
[0427/201245.366:ERROR:process_memory_win.cc(73)] ReadMemory at 0x7f137000 of 3992 bytes failed: Only part of a ReadProcessMemory or WriteProcessMemory request was completed. (0x12B)
[0427/201245.380:ERROR:process_memory_win.cc(73)] ReadMemory at 0x7f138000 of 3992 bytes failed: Only part of a ReadProcessMemory or WriteProcessMemory request was completed. (0x12B)
[0427/201245.380:ERROR:process_memory_win.cc(73)] ReadMemory at 0x7f139000 of 3992 bytes failed: Only part of a ReadProcessMemory or WriteProcessMemory request was completed. (0x12B)
[0427/201245.382:ERROR:process_memory_win.cc(73)] ReadMemory at 0x7f13a000 of 3992 bytes failed: Only part of a ReadProcessMemory or WriteProcessMemory request was completed. (0x12B)
[0427/201245.382:ERROR:process_memory_win.cc(73)] ReadMemory at 0x7f13b000 of 3992 bytes failed: Only part of a ReadProcessMemory or WriteProcessMemory request was completed. (0x12B)
[0427/201245.411:ERROR:process_memory_win.cc(73)] ReadMemory at 0x7f13c000 of 3992 bytes failed: Only part of a ReadProcessMemory or WriteProcessMemory request was completed. (0x12B)
[0427/201245.411:ERROR:process_memory_win.cc(73)] ReadMemory at 0x7f13d000 of 3992 bytes failed: Only part of a ReadProcessMemory or WriteProcessMemory request was completed. (0x12B)
[0427/201245.411:ERROR:process_memory_win.cc(73)] ReadMemory at 0x7f13e000 of 3992 bytes failed: Only part of a ReadProcessMemory or WriteProcessMemory request was completed. (0x12B)
[0427/201245.411:ERROR:process_memory_win.cc(73)] ReadMemory at 0x7f13f000 of 560 bytes failed: Only part of a ReadProcessMemory or WriteProcessMemory request was completed. (0x12B)
[0427/201245.901:ERROR:scoped_process_suspend.cc(40)] NtResumeProcess: An attempt was made to access an exiting process. (0xc000010a)
[0427/201256.430:ERROR:http_transport_win.cc(276)] WinHttpSendRequest: The operation completed successfully. (0x0)
